
2025-11-07 22:56:44.402 [main] INFO  com.security.analyzer.Application - Starting API Security Analyzer...
2025-11-07 22:56:44.630 [main] INFO  com.security.analyzer.Application - Scanning target: https://vbank.open.bankingapi.ru
2025-11-07 22:56:44.630 [main] INFO  c.s.analyzer.core.SecurityScanner - Starting security scan for: https://vbank.open.bankingapi.ru
2025-11-07 22:56:44.631 [main] INFO  c.s.analyzer.client.OpenAPIParser - Fetching OpenAPI specification from: https://vbank.open.bankingapi.ru/openapi.json
2025-11-07 22:56:45.612 [main] INFO  c.s.analyzer.analysis.OWASPAnalyzer - Analyzing OWASP API Security Top 10...
2025-11-07 22:56:49.863 [main] INFO  c.s.a.analysis.InjectionDetector - Testing injection vulnerabilities...
2025-11-07 22:57:02.031 [main] WARN  c.s.a.analysis.InjectionDetector - SQL Injection detected at /accounts/{account_id} with payload: ' UNION SELECT 1,2,3--
2025-11-07 22:57:05.636 [main] WARN  c.s.a.analysis.InjectionDetector - SQL Injection detected at /accounts/{account_id}/balances with payload: ' OR 1=1--
2025-11-07 22:57:09.237 [main] WARN  c.s.a.analysis.InjectionDetector - SQL Injection detected at /accounts/{account_id}/transactions with payload: ') OR ('a'='a
2025-11-07 22:58:07.644 [main] INFO  c.s.a.a.AuthenticationAnalyzer - Testing authentication mechanisms...
2025-11-07 22:58:09.628 [main] INFO  c.s.a.analysis.AuthorizationAnalyzer - Testing authorization mechanisms...
2025-11-07 22:58:11.673 [main] INFO  c.s.a.analysis.AuthorizationAnalyzer - Endpoint /product-agreements/{agreement_id} properly requires authentication
2025-11-07 22:58:12.239 [main] INFO  c.s.a.analysis.ComplianceValidator - Validating API compliance...
2025-11-07 22:58:12.523 [main] INFO  c.s.a.plugins.fuzzing.FuzzingEngine - Running fuzzing tests...
2025-11-07 22:58:18.989 [main] INFO  c.s.analyzer.core.SecurityScanner - Security scan completed. Found 11 vulnerabilities.
2025-11-07 22:58:19.011 [main] INFO  c.s.analyzer.core.ReportGenerator - HTML report generated: security-report.html
2025-11-07 22:58:19.038 [main] INFO  c.s.analyzer.core.ReportGenerator - JSON report generated: security-report.json
2025-11-07 22:58:19.042 [main] INFO  com.security.analyzer.Application - Security analysis completed successfully!
2025-11-07 22:58:47.803 [main] INFO  com.security.analyzer.Application - Starting API Security Analyzer...
2025-11-07 22:58:48.019 [main] INFO  com.security.analyzer.Application - Scanning target: https://vbank.open.bankingapi.ru
2025-11-07 22:58:48.020 [main] INFO  c.s.analyzer.core.SecurityScanner - Starting security scan for: https://vbank.open.bankingapi.ru
2025-11-07 22:58:48.020 [main] INFO  c.s.analyzer.client.OpenAPIParser - Fetching OpenAPI specification from: https://vbank.open.bankingapi.ru/openapi.json
2025-11-07 22:58:49.351 [main] INFO  c.s.analyzer.analysis.OWASPAnalyzer - Analyzing OWASP API Security Top 10...
2025-11-07 22:58:53.354 [main] INFO  c.s.a.analysis.InjectionDetector - Testing injection vulnerabilities...
2025-11-07 22:59:03.319 [main] WARN  c.s.a.analysis.InjectionDetector - SQL Injection detected at /accounts/{account_id} with payload: ' OR 1=1--
2025-11-07 22:59:06.920 [main] WARN  c.s.a.analysis.InjectionDetector - SQL Injection detected at /accounts/{account_id}/balances with payload: ' OR 'a'='a
2025-11-07 22:59:09.312 [main] WARN  c.s.a.analysis.InjectionDetector - SQL Injection detected at /accounts/{account_id}/transactions with payload: '; DROP TABLE users--
2025-11-07 23:00:07.668 [main] INFO  c.s.a.a.AuthenticationAnalyzer - Testing authentication mechanisms...
2025-11-07 23:00:09.429 [main] INFO  c.s.a.analysis.AuthorizationAnalyzer - Testing authorization mechanisms...
2025-11-07 23:00:10.544 [main] INFO  c.s.a.analysis.AuthorizationAnalyzer - Endpoint /payment-consents/{consent_id} properly requires authentication
2025-11-07 23:00:11.709 [main] INFO  c.s.a.analysis.AuthorizationAnalyzer - Endpoint /product-agreement-consents/request properly requires authentication
2025-11-07 23:00:11.983 [main] INFO  c.s.a.analysis.ComplianceValidator - Validating API compliance...
2025-11-07 23:00:12.267 [main] INFO  c.s.a.plugins.fuzzing.FuzzingEngine - Running fuzzing tests...
2025-11-07 23:00:18.843 [main] INFO  c.s.analyzer.core.SecurityScanner - Security scan completed. Found 11 vulnerabilities.
2025-11-07 23:00:18.860 [main] INFO  c.s.analyzer.core.ReportGenerator - HTML report generated: security-report.html
2025-11-07 23:00:18.884 [main] INFO  c.s.analyzer.core.ReportGenerator - JSON report generated: security-report.json
2025-11-07 23:00:18.888 [main] INFO  com.security.analyzer.Application - Security analysis completed successfully!
2025-11-07 23:00:48.527 [main] INFO  com.security.analyzer.Application - Starting API Security Analyzer...
2025-11-07 23:00:48.747 [main] INFO  com.security.analyzer.Application - Scanning target: https://vbank.open.bankingapi.ru
2025-11-07 23:00:48.748 [main] INFO  c.s.analyzer.core.SecurityScanner - Starting security scan for: https://vbank.open.bankingapi.ru
2025-11-07 23:00:48.748 [main] INFO  c.s.analyzer.client.OpenAPIParser - Fetching OpenAPI specification from: https://vbank.open.bankingapi.ru/openapi.json
2025-11-07 23:00:49.773 [main] INFO  c.s.analyzer.analysis.OWASPAnalyzer - Analyzing OWASP API Security Top 10...
2025-11-07 23:03:44.611 [main] INFO  com.security.analyzer.Application - Starting API Security Analyzer...
2025-11-07 23:03:44.809 [main] INFO  com.security.analyzer.Application - Scanning target: https://vbank.open.bankingapi.ru
2025-11-07 23:03:44.809 [main] INFO  c.s.analyzer.core.SecurityScanner - Starting security scan for: https://vbank.open.bankingapi.ru
2025-11-07 23:03:44.810 [main] INFO  c.s.analyzer.client.OpenAPIParser - Fetching OpenAPI specification from: https://vbank.open.bankingapi.ru/openapi.json
2025-11-07 23:03:47.098 [main] INFO  c.s.analyzer.analysis.OWASPAnalyzer - Analyzing OWASP API Security Top 10...
2025-11-07 23:03:52.075 [main] INFO  c.s.a.analysis.InjectionDetector - Testing injection vulnerabilities...
2025-11-07 23:04:02.557 [main] WARN  c.s.a.analysis.InjectionDetector - SQL Injection detected at /accounts/{account_id} with payload: ') OR ('a'='a
2025-11-07 23:04:04.867 [main] WARN  c.s.a.analysis.InjectionDetector - SQL Injection detected at /accounts/{account_id}/balances with payload: '; DROP TABLE users--
2025-11-07 23:04:08.517 [main] WARN  c.s.a.analysis.InjectionDetector - SQL Injection detected at /accounts/{account_id}/transactions with payload: admin'--
2025-11-07 23:05:11.161 [main] INFO  c.s.a.a.AuthenticationAnalyzer - Testing authentication mechanisms...
2025-11-07 23:05:12.921 [main] INFO  c.s.a.analysis.AuthorizationAnalyzer - Testing authorization mechanisms...
2025-11-07 23:05:14.569 [main] INFO  c.s.a.analysis.AuthorizationAnalyzer - Endpoint /payments/{payment_id} properly requires authentication
2025-11-07 23:05:15.562 [main] INFO  c.s.a.analysis.ComplianceValidator - Validating API compliance...
2025-11-07 23:05:15.846 [main] INFO  c.s.a.plugins.fuzzing.FuzzingEngine - Running fuzzing tests...
2025-11-07 23:05:22.284 [main] INFO  c.s.analyzer.core.SecurityScanner - Security scan completed. Found 11 vulnerabilities.
2025-11-07 23:05:22.305 [main] INFO  c.s.analyzer.core.ReportGenerator - HTML report generated: vbank-security-report-20251107_230522.html
2025-11-07 23:05:22.330 [main] INFO  c.s.analyzer.core.ReportGenerator - JSON report generated: vbank-security-report-20251107_230522.json
2025-11-07 23:05:22.334 [main] INFO  com.security.analyzer.Application - Security analysis completed successfully!
2025-11-07 23:06:21.406 [main] INFO  com.security.analyzer.Application - Starting API Security Analyzer...
2025-11-07 23:06:21.617 [main] INFO  com.security.analyzer.Application - Scanning target: https://abank.open.bankingapi.ru
2025-11-07 23:06:21.618 [main] INFO  c.s.analyzer.core.SecurityScanner - Starting security scan for: https://abank.open.bankingapi.ru
2025-11-07 23:06:21.620 [main] INFO  c.s.analyzer.client.OpenAPIParser - Fetching OpenAPI specification from: https://abank.open.bankingapi.ru/openapi.json
2025-11-07 23:06:23.171 [main] INFO  c.s.analyzer.analysis.OWASPAnalyzer - Analyzing OWASP API Security Top 10...
2025-11-07 23:06:27.549 [main] INFO  c.s.a.analysis.InjectionDetector - Testing injection vulnerabilities...
2025-11-07 23:06:37.250 [main] WARN  c.s.a.analysis.InjectionDetector - SQL Injection detected at /accounts/{account_id} with payload: ' OR 1=1--
2025-11-07 23:06:43.373 [main] WARN  c.s.a.analysis.InjectionDetector - SQL Injection detected at /accounts/{account_id}/transactions with payload: admin'--
2025-11-07 23:07:34.770 [main] INFO  c.s.a.a.AuthenticationAnalyzer - Testing authentication mechanisms...
2025-11-07 23:07:36.513 [main] INFO  c.s.a.analysis.AuthorizationAnalyzer - Testing authorization mechanisms...
2025-11-07 23:07:38.521 [main] INFO  c.s.a.analysis.AuthorizationAnalyzer - Endpoint /product-agreements/{agreement_id} properly requires authentication
2025-11-07 23:07:39.065 [main] INFO  c.s.a.analysis.ComplianceValidator - Validating API compliance...
2025-11-07 23:07:39.333 [main] INFO  c.s.a.plugins.fuzzing.FuzzingEngine - Running fuzzing tests...
2025-11-07 23:07:45.519 [main] INFO  c.s.analyzer.core.SecurityScanner - Security scan completed. Found 9 vulnerabilities.
2025-11-07 23:07:45.541 [main] INFO  c.s.analyzer.core.ReportGenerator - HTML report generated: abank-security-report-20251107_230745.html
2025-11-07 23:07:45.564 [main] INFO  c.s.analyzer.core.ReportGenerator - JSON report generated: abank-security-report-20251107_230745.json
2025-11-07 23:07:45.568 [main] INFO  com.security.analyzer.Application - Security analysis completed successfully!
2025-11-07 23:08:28.710 [main] INFO  com.security.analyzer.Application - Starting API Security Analyzer...
2025-11-07 23:08:28.899 [main] INFO  com.security.analyzer.Application - Scanning target: https://sbank.open.bankingapi.ru
2025-11-07 23:08:28.899 [main] INFO  c.s.analyzer.core.SecurityScanner - Starting security scan for: https://sbank.open.bankingapi.ru
2025-11-07 23:08:28.900 [main] INFO  c.s.analyzer.client.OpenAPIParser - Fetching OpenAPI specification from: https://sbank.open.bankingapi.ru/openapi.json
2025-11-07 23:08:30.184 [main] INFO  c.s.analyzer.analysis.OWASPAnalyzer - Analyzing OWASP API Security Top 10...
2025-11-07 23:08:34.433 [main] INFO  c.s.a.analysis.InjectionDetector - Testing injection vulnerabilities...
2025-11-07 23:08:49.030 [main] WARN  c.s.a.analysis.InjectionDetector - SQL Injection detected at /accounts/{account_id} with payload: admin'--
2025-11-07 23:08:52.601 [main] WARN  c.s.a.analysis.InjectionDetector - SQL Injection detected at /accounts/{account_id}/balances with payload: ') OR ('a'='a
2025-11-07 23:08:55.117 [main] WARN  c.s.a.analysis.InjectionDetector - SQL Injection detected at /accounts/{account_id}/transactions with payload: ' OR '1'='1
2025-11-07 23:09:52.997 [main] INFO  c.s.a.a.AuthenticationAnalyzer - Testing authentication mechanisms...
2025-11-07 23:09:54.645 [main] INFO  c.s.a.analysis.AuthorizationAnalyzer - Testing authorization mechanisms...
2025-11-07 23:09:57.555 [main] INFO  c.s.a.analysis.AuthorizationAnalyzer - Endpoint /product-agreement-consents/request properly requires authentication
2025-11-07 23:09:57.959 [main] INFO  c.s.a.analysis.ComplianceValidator - Validating API compliance...
2025-11-07 23:09:58.370 [main] INFO  c.s.a.plugins.fuzzing.FuzzingEngine - Running fuzzing tests...
2025-11-07 23:10:05.989 [main] INFO  c.s.analyzer.core.SecurityScanner - Security scan completed. Found 11 vulnerabilities.
2025-11-07 23:10:06.012 [main] INFO  c.s.analyzer.core.ReportGenerator - HTML report generated: sbank-security-report-20251107_231006.html
2025-11-07 23:10:06.035 [main] INFO  c.s.analyzer.core.ReportGenerator - JSON report generated: sbank-security-report-20251107_231006.json
2025-11-07 23:10:06.039 [main] INFO  com.security.analyzer.Application - Security analysis completed successfully!
2025-11-07 23:23:13.804 [main] ERROR c.security.analyzer.client.APIClient - Request failed: timeout
2025-11-07 23:27:31.460 [main] INFO  com.security.analyzer.Application - Starting API Security Analyzer...
2025-11-07 23:27:31.676 [main] INFO  com.security.analyzer.Application - Scanning target: https://sbank.open.bankingapi.ru
2025-11-07 23:27:31.677 [main] INFO  c.s.analyzer.core.SecurityScanner - Starting security scan for: https://sbank.open.bankingapi.ru
2025-11-07 23:27:31.677 [main] INFO  c.s.analyzer.client.OpenAPIParser - Fetching OpenAPI specification from: https://sbank.open.bankingapi.ru/openapi.json
2025-11-07 23:27:33.358 [main] INFO  c.s.analyzer.analysis.OWASPAnalyzer - Analyzing OWASP API Security Top 10...
2025-11-07 23:27:43.058 [main] INFO  com.security.analyzer.Application - Starting API Security Analyzer...
2025-11-07 23:27:43.249 [main] INFO  com.security.analyzer.Application - Scanning target: https://sbank.open.bankingapi.ru
2025-11-07 23:27:43.250 [main] INFO  c.s.analyzer.core.SecurityScanner - Starting security scan for: https://sbank.open.bankingapi.ru
2025-11-07 23:27:43.250 [main] INFO  c.s.analyzer.client.OpenAPIParser - Fetching OpenAPI specification from: https://sbank.open.bankingapi.ru/openapi.json
2025-11-07 23:27:44.316 [main] INFO  c.s.analyzer.analysis.OWASPAnalyzer - Analyzing OWASP API Security Top 10...
2025-11-07 23:27:48.243 [main] INFO  c.s.a.analysis.InjectionDetector - Testing injection vulnerabilities...
2025-11-07 23:27:57.091 [main] WARN  c.s.a.analysis.InjectionDetector - SQL Injection detected at /accounts/{account_id} with payload: ' UNION SELECT 1,2,3--
2025-11-07 23:28:00.694 [main] WARN  c.s.a.analysis.InjectionDetector - SQL Injection detected at /accounts/{account_id}/balances with payload: ' OR 'a'='a
2025-11-07 23:28:03.179 [main] WARN  c.s.a.analysis.InjectionDetector - SQL Injection detected at /accounts/{account_id}/transactions with payload: admin'--
2025-11-07 23:28:56.703 [main] INFO  c.s.a.a.AuthenticationAnalyzer - Testing authentication mechanisms...
2025-11-07 23:28:58.332 [main] INFO  c.s.a.analysis.AuthorizationAnalyzer - Testing authorization mechanisms...
2025-11-07 23:28:58.482 [main] INFO  c.s.a.analysis.AuthorizationAnalyzer - Endpoint /accounts properly requires authentication
2025-11-07 23:28:59.556 [main] INFO  c.s.a.analysis.AuthorizationAnalyzer - Endpoint /payment-consents/{consent_id} properly requires authentication
2025-11-07 23:29:00.739 [main] INFO  c.s.a.analysis.AuthorizationAnalyzer - Endpoint /product-agreement-consents/{consent_id} properly requires authentication
2025-11-07 23:29:00.868 [main] INFO  c.s.a.analysis.ComplianceValidator - Validating API compliance...
2025-11-07 23:29:01.127 [main] INFO  c.s.a.plugins.fuzzing.FuzzingEngine - Running fuzzing tests...
2025-11-07 23:29:09.265 [main] INFO  c.s.analyzer.core.SecurityScanner - Security scan completed. Found 145 vulnerabilities.
2025-11-07 23:29:09.289 [main] INFO  c.s.analyzer.core.ReportGenerator - HTML report generated: sbank-security-report-20251107_232909.html
2025-11-07 23:29:09.311 [main] INFO  c.s.analyzer.core.ReportGenerator - JSON report generated: sbank-security-report-20251107_232909.json
2025-11-07 23:29:09.315 [main] INFO  com.security.analyzer.Application - Security analysis completed successfully!
2025-11-07 23:31:55.554 [main] INFO  com.security.analyzer.Application - Starting API Security Analyzer...
2025-11-07 23:31:55.724 [main] INFO  com.security.analyzer.Application - Scanning target: https://sbank.open.bankingapi.ru
2025-11-07 23:31:55.725 [main] INFO  c.s.analyzer.core.SecurityScanner - Starting security scan for: https://sbank.open.bankingapi.ru
2025-11-07 23:31:55.725 [main] INFO  c.s.analyzer.client.OpenAPIParser - Fetching OpenAPI specification from: https://sbank.open.bankingapi.ru/openapi.json
2025-11-07 23:31:56.787 [main] INFO  c.s.analyzer.analysis.OWASPAnalyzer - Analyzing OWASP API Security Top 10...
2025-11-07 23:32:00.806 [main] INFO  c.s.a.analysis.InjectionDetector - Testing injection vulnerabilities...
2025-11-07 23:32:11.310 [main] INFO  com.security.analyzer.Application - Starting API Security Analyzer...
2025-11-07 23:32:11.487 [main] INFO  com.security.analyzer.Application - Scanning target: https://sbank.open.bankingapi.ru
2025-11-07 23:32:11.488 [main] INFO  c.s.analyzer.core.SecurityScanner - Starting security scan for: https://sbank.open.bankingapi.ru
2025-11-07 23:32:11.488 [main] INFO  c.s.analyzer.client.OpenAPIParser - Fetching OpenAPI specification from: https://sbank.open.bankingapi.ru/openapi.json
2025-11-07 23:32:12.625 [main] INFO  c.s.analyzer.analysis.OWASPAnalyzer - Analyzing OWASP API Security Top 10...
2025-11-07 23:32:16.806 [main] INFO  c.s.a.analysis.InjectionDetector - Testing injection vulnerabilities...
2025-11-07 23:32:26.425 [main] WARN  c.s.a.analysis.InjectionDetector - SQL Injection detected at /accounts/{account_id} with payload: '; DROP TABLE users--
2025-11-07 23:32:30.051 [main] WARN  c.s.a.analysis.InjectionDetector - SQL Injection detected at /accounts/{account_id}/balances with payload: ' OR 'a'='a
2025-11-07 23:32:32.527 [main] WARN  c.s.a.analysis.InjectionDetector - SQL Injection detected at /accounts/{account_id}/transactions with payload: '; DROP TABLE users--
2025-11-07 23:33:28.751 [main] INFO  c.s.a.a.AuthenticationAnalyzer - Testing authentication mechanisms...
2025-11-07 23:33:30.759 [main] INFO  c.s.a.analysis.AuthorizationAnalyzer - Testing authorization mechanisms...
2025-11-07 23:33:32.518 [main] INFO  c.s.a.analysis.AuthorizationAnalyzer - Endpoint /product-agreements properly requires authentication
2025-11-07 23:33:33.369 [main] INFO  c.s.a.analysis.ComplianceValidator - Validating API compliance...
2025-11-07 23:33:33.649 [main] INFO  c.s.a.plugins.fuzzing.FuzzingEngine - Running fuzzing tests...
2025-11-07 23:33:39.921 [main] INFO  c.s.analyzer.core.SecurityScanner - Security scan completed. Found 141 vulnerabilities.
2025-11-07 23:33:39.943 [main] INFO  c.s.analyzer.core.ReportGenerator - HTML report generated: sbank-security-report-20251107_233339.html
2025-11-07 23:33:39.964 [main] INFO  c.s.analyzer.core.ReportGenerator - JSON report generated: sbank-security-report-20251107_233339.json
2025-11-07 23:33:39.967 [main] INFO  com.security.analyzer.Application - Security analysis completed successfully!
2025-11-07 23:34:34.151 [main] INFO  com.security.analyzer.Application - Starting API Security Analyzer...
2025-11-07 23:34:34.336 [main] INFO  com.security.analyzer.Application - Scanning target: https://sbank.open.bankingapi.ru
2025-11-07 23:34:34.337 [main] INFO  c.s.analyzer.core.SecurityScanner - Starting security scan for: https://sbank.open.bankingapi.ru
2025-11-07 23:34:34.337 [main] INFO  c.s.analyzer.client.OpenAPIParser - Fetching OpenAPI specification from: https://sbank.open.bankingapi.ru/openapi.json
2025-11-07 23:34:35.414 [main] INFO  c.s.analyzer.analysis.OWASPAnalyzer - Analyzing OWASP API Security Top 10...
2025-11-07 23:34:39.434 [main] INFO  c.s.a.analysis.InjectionDetector - Testing injection vulnerabilities...
2025-11-07 23:34:49.550 [main] WARN  c.s.a.analysis.InjectionDetector - SQL Injection detected at /accounts/{account_id} with payload: '; DROP TABLE users--
2025-11-07 23:34:53.125 [main] WARN  c.s.a.analysis.InjectionDetector - SQL Injection detected at /accounts/{account_id}/balances with payload: 1' ORDER BY 1--
2025-11-07 23:34:55.508 [main] WARN  c.s.a.analysis.InjectionDetector - SQL Injection detected at /accounts/{account_id}/transactions with payload: ' OR '1'='1
2025-11-07 23:35:54.982 [main] INFO  c.s.a.a.AuthenticationAnalyzer - Testing authentication mechanisms...
2025-11-07 23:35:56.666 [main] INFO  c.s.a.analysis.AuthorizationAnalyzer - Testing authorization mechanisms...
2025-11-07 23:35:56.807 [main] INFO  c.s.a.analysis.AuthorizationAnalyzer - Endpoint /accounts properly requires authentication
2025-11-07 23:35:57.897 [main] INFO  c.s.a.analysis.AuthorizationAnalyzer - Endpoint /payment-consents/{consent_id} properly requires authentication
2025-11-07 23:35:59.202 [main] INFO  c.s.a.analysis.AuthorizationAnalyzer - Endpoint /product-agreement-consents/{consent_id} properly requires authentication
2025-11-07 23:35:59.337 [main] INFO  c.s.a.analysis.ComplianceValidator - Validating API compliance...
2025-11-07 23:35:59.621 [main] INFO  c.s.a.plugins.fuzzing.FuzzingEngine - Running fuzzing tests...
2025-11-07 23:36:05.937 [main] INFO  c.s.analyzer.core.SecurityScanner - Security scan completed. Found 11 vulnerabilities.
2025-11-07 23:36:05.952 [main] INFO  c.s.analyzer.core.ReportGenerator - HTML report generated: sbank-security-report-20251107_233605.html
2025-11-07 23:36:05.971 [main] INFO  c.s.analyzer.core.ReportGenerator - JSON report generated: sbank-security-report-20251107_233605.json
2025-11-07 23:36:05.975 [main] INFO  com.security.analyzer.Application - Security analysis completed successfully!
